<?xml version="1.0" encoding="UTF-8"?>
<!-- Generated by org.testng.reporters.JUnitXMLReporter -->
<testsuite hostname="DESKTOP-E3335QT" ignored="0" name="Default test" tests="3" failures="0" timestamp="2019-12-15T16:20:23 CET" time="104.103" errors="0">
  <testcase name="addExtras" time="13.046" classname="tests.TravelCarsExtrasTests"/>
  <testcase name="inputCharsInPrice" time="6.787" classname="tests.TravelCarsExtrasTests"/>
  <testcase name="uploadPicture" time="9.174" classname="tests.TravelCarsExtrasTests"/>
</testsuite> <!-- Default test -->
